2018-01-15 15:04:41,044 [Worker-2] INFO  o.e.m.c.i.l.LifecycleMappingFactory - Using org.eclipse.m2e.jdt.JarLifecycleMapping lifecycle mapping for MavenProject: fr.formation:tetris-DAO:0.0.1-SNAPSHOT @ C:\Users\ajc\Desktop\GITHub\Projet-Tetris\tetris-DAO\pom.xml.
2018-01-15 15:04:41,062 [Worker-2] WARN  o.e.m.c.i.embedder.EclipseLogger - The POM for fr.formation:tetris-model-faq:jar:0.0.1-SNAPSHOT is missing, no dependency information available
2018-01-15 15:04:41,079 [Worker-2] WARN  o.e.m.c.i.embedder.EclipseLogger - The POM for fr.formation:tetris-model-tetrimino:jar:0.0.1-SNAPSHOT is missing, no dependency information available
2018-01-15 15:04:42,060 [Worker-2] INFO  o.e.m.j.i.AbstractJavaProjectConfigurator - Adding source folder /tetris-DAO/src/main/java
2018-01-15 15:04:42,061 [Worker-2] INFO  o.e.m.j.i.AbstractJavaProjectConfigurator - Adding resource folder /tetris-DAO/src/main/resources
2018-01-15 15:04:42,064 [Worker-2] INFO  o.e.m.j.i.AbstractJavaProjectConfigurator - Adding source folder /tetris-DAO/src/test/java
2018-01-15 15:04:42,196 [Worker-2] INFO  o.e.m.c.i.p.ProjectConfigurationManager - Imported and configured 1 project(s) in 3 sec
2018-01-15 15:04:43,604 [Worker-1] WARN  o.e.m.c.i.embedder.EclipseLogger - The POM for fr.formation:tetris-model-faq:jar:0.0.1-SNAPSHOT is missing, no dependency information available
2018-01-15 15:04:43,615 [Worker-1] WARN  o.e.m.c.i.embedder.EclipseLogger - The POM for fr.formation:tetris-model-tetrimino:jar:0.0.1-SNAPSHOT is missing, no dependency information available
2018-01-15 15:04:43,819 [Worker-1] INFO  o.e.m.c.i.embedder.EclipseLogger - Using 'UTF-8' encoding to copy filtered resources.
2018-01-15 15:04:43,824 [Worker-1] INFO  o.e.m.c.i.embedder.EclipseLogger - Copying 1 resource
2018-01-15 15:04:43,844 [Worker-1] INFO  o.e.m.c.i.embedder.EclipseLogger - Using 'UTF-8' encoding to copy filtered resources.
2018-01-15 15:04:43,845 [Worker-1] INFO  o.e.m.c.i.embedder.EclipseLogger - skip non existing resourceDirectory C:\Users\ajc\Desktop\GITHub\Projet-Tetris\tetris-DAO\src\test\resources
2018-01-15 15:05:04,519 [Worker-21] INFO  o.e.m.c.i.l.LifecycleMappingFactory - Using org.eclipse.m2e.jdt.JarLifecycleMapping lifecycle mapping for MavenProject: fr.formation:tetris-java:0.0.1-SNAPSHOT @ C:\Users\ajc\Desktop\GITHub\Projet-Tetris\tetris-java\pom.xml.
2018-01-15 15:05:04,529 [Worker-21] WARN  o.e.m.c.i.embedder.EclipseLogger - The POM for fr.formation:tetris-model-faq:jar:0.0.1-SNAPSHOT is missing, no dependency information available
2018-01-15 15:05:04,532 [Worker-21] WARN  o.e.m.c.i.embedder.EclipseLogger - The POM for fr.formation:tetris-model-tetrimino:jar:0.0.1-SNAPSHOT is missing, no dependency information available
2018-01-15 15:05:04,773 [Worker-21] INFO  o.e.m.j.i.AbstractJavaProjectConfigurator - Adding source folder /tetris-java/src/main/java
2018-01-15 15:05:04,774 [Worker-21] INFO  o.e.m.j.i.AbstractJavaProjectConfigurator - Adding source folder /tetris-java/src/test/java
2018-01-15 15:05:04,858 [Worker-21] INFO  o.e.m.c.i.p.ProjectConfigurationManager - Imported and configured 1 project(s) in 0 sec
2018-01-15 15:05:05,262 [Worker-20] WARN  o.e.m.c.i.embedder.EclipseLogger - The POM for fr.formation:tetris-model-faq:jar:0.0.1-SNAPSHOT is missing, no dependency information available
2018-01-15 15:05:05,264 [Worker-20] WARN  o.e.m.c.i.embedder.EclipseLogger - The POM for fr.formation:tetris-model-tetrimino:jar:0.0.1-SNAPSHOT is missing, no dependency information available
2018-01-15 15:05:05,339 [Worker-20] INFO  o.e.m.c.i.embedder.EclipseLogger - Using 'UTF-8' encoding to copy filtered resources.
2018-01-15 15:05:05,339 [Worker-20] INFO  o.e.m.c.i.embedder.EclipseLogger - skip non existing resourceDirectory C:\Users\ajc\Desktop\GITHub\Projet-Tetris\tetris-java\src\main\resources
2018-01-15 15:05:05,340 [Worker-20] INFO  o.e.m.c.i.embedder.EclipseLogger - Using 'UTF-8' encoding to copy filtered resources.
2018-01-15 15:05:05,341 [Worker-20] INFO  o.e.m.c.i.embedder.EclipseLogger - skip non existing resourceDirectory C:\Users\ajc\Desktop\GITHub\Projet-Tetris\tetris-java\src\test\resources
2018-01-15 15:05:25,793 [Worker-22] INFO  o.e.m.c.i.l.LifecycleMappingFactory - Using org.eclipse.m2e.jdt.JarLifecycleMapping lifecycle mapping for MavenProject: fr.formation:tetris-model-faq:0.0.1-SNAPSHOT @ C:\Users\ajc\Desktop\GITHub\Projet-Tetris\tetris-model-faq\pom.xml.
2018-01-15 15:05:25,864 [Worker-22] INFO  o.e.m.c.i.l.LifecycleMappingFactory - Using org.eclipse.m2e.jdt.JarLifecycleMapping lifecycle mapping for MavenProject: fr.formation:tetris-DAO:0.0.1-SNAPSHOT @ C:\Users\ajc\Desktop\GITHub\Projet-Tetris\tetris-DAO\pom.xml.
2018-01-15 15:05:25,868 [Worker-22] WARN  o.e.m.c.i.embedder.EclipseLogger - The POM for fr.formation:tetris-model-tetrimino:jar:0.0.1-SNAPSHOT is missing, no dependency information available
2018-01-15 15:05:26,013 [Worker-22] INFO  o.e.m.c.i.l.LifecycleMappingFactory - Using org.eclipse.m2e.jdt.JarLifecycleMapping lifecycle mapping for MavenProject: fr.formation:tetris-java:0.0.1-SNAPSHOT @ C:\Users\ajc\Desktop\GITHub\Projet-Tetris\tetris-java\pom.xml.
2018-01-15 15:05:26,344 [Worker-22] INFO  o.e.m.j.i.AbstractJavaProjectConfigurator - Adding source folder /tetris-model-faq/src/main/java
2018-01-15 15:05:26,344 [Worker-22] INFO  o.e.m.j.i.AbstractJavaProjectConfigurator - Adding source folder /tetris-model-faq/src/test/java
2018-01-15 15:05:26,378 [Worker-22] INFO  o.e.m.c.i.p.ProjectConfigurationManager - Imported and configured 1 project(s) in 0 sec
2018-01-15 15:05:27,018 [Worker-21] INFO  o.e.m.c.i.embedder.EclipseLogger - Using 'UTF-8' encoding to copy filtered resources.
2018-01-15 15:05:27,018 [Worker-21] INFO  o.e.m.c.i.embedder.EclipseLogger - skip non existing resourceDirectory C:\Users\ajc\Desktop\GITHub\Projet-Tetris\tetris-model-faq\src\main\resources
2018-01-15 15:05:27,020 [Worker-21] INFO  o.e.m.c.i.embedder.EclipseLogger - Using 'UTF-8' encoding to copy filtered resources.
2018-01-15 15:05:27,020 [Worker-21] INFO  o.e.m.c.i.embedder.EclipseLogger - skip non existing resourceDirectory C:\Users\ajc\Desktop\GITHub\Projet-Tetris\tetris-model-faq\src\test\resources
2018-01-15 15:05:27,084 [Worker-21] WARN  o.e.m.c.i.embedder.EclipseLogger - The POM for fr.formation:tetris-model-tetrimino:jar:0.0.1-SNAPSHOT is missing, no dependency information available
2018-01-15 15:05:27,139 [Worker-21] INFO  o.e.m.c.i.embedder.EclipseLogger - Using 'UTF-8' encoding to copy filtered resources.
2018-01-15 15:05:27,141 [Worker-21] INFO  o.e.m.c.i.embedder.EclipseLogger - Copying 0 resource
2018-01-15 15:05:27,143 [Worker-21] INFO  o.e.m.c.i.embedder.EclipseLogger - Using 'UTF-8' encoding to copy filtered resources.
2018-01-15 15:05:27,144 [Worker-21] INFO  o.e.m.c.i.embedder.EclipseLogger - skip non existing resourceDirectory C:\Users\ajc\Desktop\GITHub\Projet-Tetris\tetris-DAO\src\test\resources
2018-01-15 15:05:27,168 [Worker-21] WARN  o.e.m.c.i.embedder.EclipseLogger - The POM for fr.formation:tetris-model-tetrimino:jar:0.0.1-SNAPSHOT is missing, no dependency information available
2018-01-15 15:05:27,209 [Worker-21] INFO  o.e.m.c.i.embedder.EclipseLogger - Using 'UTF-8' encoding to copy filtered resources.
2018-01-15 15:05:27,209 [Worker-21] INFO  o.e.m.c.i.embedder.EclipseLogger - skip non existing resourceDirectory C:\Users\ajc\Desktop\GITHub\Projet-Tetris\tetris-java\src\main\resources
2018-01-15 15:05:27,211 [Worker-21] INFO  o.e.m.c.i.embedder.EclipseLogger - Using 'UTF-8' encoding to copy filtered resources.
2018-01-15 15:05:27,211 [Worker-21] INFO  o.e.m.c.i.embedder.EclipseLogger - skip non existing resourceDirectory C:\Users\ajc\Desktop\GITHub\Projet-Tetris\tetris-java\src\test\resources
2018-01-15 15:05:42,451 [Worker-24] INFO  o.e.m.c.i.l.LifecycleMappingFactory - Using org.eclipse.m2e.jdt.JarLifecycleMapping lifecycle mapping for MavenProject: fr.formation:tetris-model-tetrimino:0.0.1-SNAPSHOT @ C:\Users\ajc\Desktop\GITHub\Projet-Tetris\tetris-model-tetrimino\pom.xml.
2018-01-15 15:05:42,507 [Worker-24] INFO  o.e.m.c.i.l.LifecycleMappingFactory - Using org.eclipse.m2e.jdt.JarLifecycleMapping lifecycle mapping for MavenProject: fr.formation:tetris-DAO:0.0.1-SNAPSHOT @ C:\Users\ajc\Desktop\GITHub\Projet-Tetris\tetris-DAO\pom.xml.
2018-01-15 15:05:42,609 [Worker-24] INFO  o.e.m.c.i.l.LifecycleMappingFactory - Using org.eclipse.m2e.jdt.JarLifecycleMapping lifecycle mapping for MavenProject: fr.formation:tetris-java:0.0.1-SNAPSHOT @ C:\Users\ajc\Desktop\GITHub\Projet-Tetris\tetris-java\pom.xml.
2018-01-15 15:05:42,871 [Worker-24] INFO  o.e.m.j.i.AbstractJavaProjectConfigurator - Adding source folder /tetris-model-tetrimino/src/main/java
2018-01-15 15:05:42,872 [Worker-24] INFO  o.e.m.j.i.AbstractJavaProjectConfigurator - Adding source folder /tetris-model-tetrimino/src/test/java
2018-01-15 15:05:42,911 [Worker-24] INFO  o.e.m.c.i.p.ProjectConfigurationManager - Imported and configured 1 project(s) in 0 sec
2018-01-15 15:05:43,427 [Worker-1] INFO  o.e.m.c.i.embedder.EclipseLogger - Using 'UTF-8' encoding to copy filtered resources.
2018-01-15 15:05:43,428 [Worker-1] INFO  o.e.m.c.i.embedder.EclipseLogger - skip non existing resourceDirectory C:\Users\ajc\Desktop\GITHub\Projet-Tetris\tetris-model-tetrimino\src\main\resources
2018-01-15 15:05:43,429 [Worker-1] INFO  o.e.m.c.i.embedder.EclipseLogger - Using 'UTF-8' encoding to copy filtered resources.
2018-01-15 15:05:43,429 [Worker-1] INFO  o.e.m.c.i.embedder.EclipseLogger - skip non existing resourceDirectory C:\Users\ajc\Desktop\GITHub\Projet-Tetris\tetris-model-tetrimino\src\test\resources
2018-01-15 15:05:43,651 [Worker-1] INFO  o.e.m.c.i.embedder.EclipseLogger - Using 'UTF-8' encoding to copy filtered resources.
2018-01-15 15:05:43,653 [Worker-1] INFO  o.e.m.c.i.embedder.EclipseLogger - Copying 1 resource
2018-01-15 15:05:43,660 [Worker-1] INFO  o.e.m.c.i.embedder.EclipseLogger - Using 'UTF-8' encoding to copy filtered resources.
2018-01-15 15:05:43,660 [Worker-1] INFO  o.e.m.c.i.embedder.EclipseLogger - skip non existing resourceDirectory C:\Users\ajc\Desktop\GITHub\Projet-Tetris\tetris-DAO\src\test\resources
2018-01-15 15:05:43,829 [Worker-1] INFO  o.e.m.c.i.embedder.EclipseLogger - Using 'UTF-8' encoding to copy filtered resources.
2018-01-15 15:05:43,829 [Worker-1] INFO  o.e.m.c.i.embedder.EclipseLogger - skip non existing resourceDirectory C:\Users\ajc\Desktop\GITHub\Projet-Tetris\tetris-java\src\main\resources
2018-01-15 15:05:43,832 [Worker-1] INFO  o.e.m.c.i.embedder.EclipseLogger - Using 'UTF-8' encoding to copy filtered resources.
2018-01-15 15:05:43,832 [Worker-1] INFO  o.e.m.c.i.embedder.EclipseLogger - skip non existing resourceDirectory C:\Users\ajc\Desktop\GITHub\Projet-Tetris\tetris-java\src\test\resources
